Log started at 2026-04-21 16:01:53.472463
16:01:54 - BleakDriver initialized
16:01:59 - Started BLE scan thread
16:02:07 - Started BLE thread
16:02:07 - Attempting to connect to device: XIAO_ with address: E8:B4:F1:B7:D1:66.
16:02:12 - Connected to device, found notify characteristic: beb5483e-36e1-4688-b7f5-ea07361b26a8.
16:02:12 - Connected connection status: True
16:02:14 - Characteristic found
16:02:15 - Units per second: 21.
16:02:16 - Units per second: 23.
16:02:17 - Units per second: 23.
16:02:18 - Units per second: 22.
16:02:19 - Units per second: 23.
16:02:20 - Units per second: 22.
16:02:21 - Units per second: 22.
16:02:22 - Units per second: 25.
16:02:23 - Units per second: 21.
16:02:24 - Units per second: 22.
16:02:25 - Units per second: 22.
16:02:26 - Units per second: 23.
16:02:27 - Units per second: 22.
16:02:28 - Units per second: 23.
16:02:29 - Units per second: 22.
