Log started at 2026-04-21 16:28:14.194946
16:28:14 - BleakDriver initialized
16:28:18 - Started BLE scan thread
16:28:26 - Started BLE scan thread
16:28:39 - Started BLE scan thread
16:28:42 - Started BLE scan thread
16:28:47 - Started BLE thread
16:28:47 - Attempting to connect to device: XIAO_ with address: E8:B4:F1:B7:D1:66.
16:28:50 - Connected, now pairing
16:28:51 - Connected to device, found notify characteristic: beb5483e-36e1-4688-b7f5-ea07361b26a8.
16:28:51 - Connected connection status: True
16:28:53 - Characteristic found
16:28:54 - Units per second: 29.
16:28:55 - Units per second: 31.
16:28:56 - Units per second: 30.
16:28:57 - Units per second: 33.
16:28:58 - Units per second: 32.
16:28:59 - Units per second: 30.
16:29:00 - Units per second: 30.
16:29:01 - Units per second: 31.
16:29:02 - Units per second: 31.
16:29:03 - Units per second: 31.
16:29:04 - Units per second: 32.
16:29:05 - Units per second: 31.
16:29:06 - Units per second: 31.
16:29:07 - Units per second: 30.
16:29:08 - Units per second: 32.
16:29:09 - Units per second: 32.
16:29:10 - Units per second: 31.
16:29:12 - Units per second: 32.
16:29:13 - Units per second: 29.
16:29:14 - Units per second: 30.
16:29:15 - Units per second: 31.
16:29:16 - Units per second: 31.
16:29:17 - Units per second: 31.
16:29:18 - Units per second: 33.
16:29:19 - Units per second: 31.
16:29:20 - Units per second: 30.
16:29:21 - Units per second: 32.
16:29:22 - Units per second: 27.
16:29:23 - Units per second: 29.
16:29:24 - Units per second: 31.
16:29:25 - Units per second: 31.
16:29:26 - Units per second: 30.
16:29:27 - Units per second: 30.
16:29:28 - Units per second: 29.
16:29:29 - Units per second: 31.
16:29:30 - Units per second: 27.
16:29:31 - Units per second: 31.
16:29:32 - Units per second: 34.
16:29:33 - Units per second: 31.
16:29:34 - Units per second: 33.
16:29:35 - Units per second: 31.
16:29:36 - Units per second: 32.
16:29:37 - Units per second: 31.
16:29:38 - Units per second: 31.
16:29:39 - Units per second: 32.
16:29:40 - Units per second: 30.
16:29:41 - Units per second: 30.
16:29:42 - Units per second: 31.
16:29:43 - Units per second: 29.
16:29:44 - Units per second: 32.
16:29:45 - Units per second: 32.
16:29:46 - Units per second: 32.
16:29:47 - Units per second: 30.
16:29:48 - Units per second: 33.
16:29:49 - Units per second: 32.
16:29:50 - Units per second: 32.
16:29:51 - Units per second: 31.
16:29:52 - Units per second: 33.
16:29:53 - Units per second: 30.
16:29:54 - Units per second: 31.
16:29:55 - Units per second: 31.
16:29:56 - Units per second: 33.
16:29:57 - Units per second: 31.
16:29:58 - Units per second: 30.
16:29:59 - Units per second: 30.
16:30:00 - Units per second: 30.
16:30:01 - Units per second: 31.
16:30:02 - Units per second: 32.
16:30:03 - Units per second: 30.
16:30:04 - Units per second: 31.
16:30:05 - Units per second: 31.
16:30:06 - Units per second: 31.
16:30:07 - Units per second: 29.
16:30:08 - Units per second: 31.
16:30:09 - Units per second: 32.
16:30:10 - Units per second: 31.
16:30:11 - Units per second: 30.
16:30:12 - Units per second: 29.
16:30:13 - Units per second: 29.
16:30:14 - Units per second: 33.
16:30:15 - Units per second: 26.
16:30:17 - Units per second: 29.
16:30:18 - Units per second: 30.
16:30:19 - Units per second: 30.
16:30:20 - Units per second: 31.
16:30:21 - Units per second: 30.
16:30:22 - Units per second: 30.
16:30:23 - Units per second: 32.
16:30:24 - Units per second: 30.
16:30:25 - Units per second: 30.
16:30:26 - Units per second: 31.
16:30:27 - Units per second: 32.
16:30:28 - Units per second: 33.
16:30:29 - Units per second: 30.
16:30:30 - Units per second: 29.
16:30:31 - Units per second: 33.
16:30:32 - Units per second: 31.
16:30:33 - Units per second: 30.
16:30:34 - Units per second: 32.
16:30:35 - Units per second: 31.
16:30:36 - Units per second: 30.
16:30:37 - Units per second: 33.
16:30:38 - Units per second: 31.
16:30:39 - Units per second: 33.
16:30:40 - Units per second: 32.
16:30:41 - Units per second: 29.
16:30:42 - Units per second: 32.
16:30:43 - Units per second: 33.
16:30:44 - Units per second: 30.
16:30:45 - Units per second: 31.
16:30:46 - Units per second: 30.
16:30:47 - Units per second: 32.
16:30:48 - Units per second: 32.
16:30:49 - Units per second: 30.
16:30:50 - Units per second: 31.
16:30:51 - Units per second: 30.
16:30:52 - Units per second: 31.
16:30:53 - Units per second: 32.
16:30:54 - Units per second: 33.
16:30:55 - Units per second: 32.
16:30:56 - Units per second: 33.
16:30:57 - Units per second: 30.
16:30:58 - Units per second: 31.
16:30:59 - Units per second: 31.
16:31:00 - Units per second: 33.
16:31:01 - Units per second: 29.
16:31:02 - Units per second: 32.
16:31:03 - Units per second: 32.
16:31:04 - Units per second: 31.
16:31:05 - Units per second: 30.
16:31:06 - Units per second: 29.
16:31:07 - Units per second: 31.
16:31:08 - Units per second: 32.
16:31:09 - Units per second: 30.
16:31:11 - Units per second: 32.
16:31:12 - Units per second: 31.
16:31:13 - Units per second: 32.
16:31:14 - Units per second: 34.
16:31:15 - Units per second: 31.
16:31:16 - Units per second: 32.
16:31:17 - Units per second: 31.
16:31:18 - Units per second: 31.
16:31:19 - Units per second: 33.
16:31:20 - Units per second: 31.
16:31:21 - Units per second: 28.
16:31:22 - Units per second: 30.
16:31:23 - Units per second: 30.
16:31:24 - Units per second: 30.
16:31:25 - Units per second: 30.
16:31:26 - Units per second: 32.
16:31:27 - Units per second: 29.
16:31:28 - Units per second: 33.
16:31:29 - Units per second: 31.
16:31:30 - Units per second: 32.
16:31:31 - Units per second: 30.
16:31:32 - Units per second: 27.
16:31:33 - Units per second: 31.
16:31:34 - Units per second: 32.
16:31:35 - Units per second: 28.
16:31:36 - Units per second: 33.
16:31:37 - Units per second: 30.
16:31:38 - Units per second: 29.
16:31:39 - Units per second: 33.
16:31:40 - Units per second: 31.
16:31:41 - Units per second: 32.
16:31:42 - Units per second: 31.
16:31:43 - Units per second: 29.
16:31:44 - Units per second: 32.
16:31:45 - Units per second: 33.
16:31:46 - Units per second: 31.
16:31:47 - Units per second: 31.
16:31:48 - Units per second: 31.
16:31:49 - Units per second: 30.
16:31:50 - Units per second: 32.
16:31:51 - Units per second: 33.
16:31:52 - Units per second: 25.
16:31:53 - Units per second: 30.
16:31:54 - Units per second: 31.
16:31:55 - Units per second: 30.
16:31:56 - Units per second: 32.
16:31:57 - Units per second: 32.
16:31:58 - Units per second: 30.
16:31:59 - Units per second: 31.
16:32:00 - Units per second: 31.
16:32:01 - Units per second: 32.
16:32:02 - Units per second: 31.
16:32:03 - Units per second: 31.
16:32:04 - Units per second: 31.
16:32:05 - Units per second: 32.
16:32:07 - Units per second: 32.
16:32:08 - Units per second: 30.
16:32:09 - Units per second: 29.
16:32:10 - Units per second: 27.
16:32:11 - Units per second: 32.
16:32:12 - Units per second: 31.
16:32:13 - Units per second: 31.
16:32:14 - Units per second: 31.
16:32:15 - Units per second: 30.
16:32:16 - Units per second: 32.
16:32:17 - Units per second: 32.
16:32:18 - Units per second: 31.
16:32:19 - Units per second: 31.
16:32:20 - Units per second: 32.
16:32:21 - Units per second: 33.
16:32:22 - Units per second: 32.
16:32:23 - Units per second: 32.
16:32:24 - Units per second: 30.
16:32:25 - Units per second: 32.
16:32:26 - Units per second: 32.
16:32:27 - Units per second: 33.
16:32:28 - Units per second: 32.
16:32:28 - BLE disconnect requested
16:32:29 - Disconnected from: 4fafc201-1fb5-459e-8fcc-c5c9c331914b
16:32:29 - BLE connection task ended, can connect again.
