Log started at 2026-04-21 15:39:21.080180
15:39:21 - BleakDriver initialized
15:39:22 - Started BLE scan thread
15:39:34 - Started BLE thread
15:39:34 - Attempting to connect to device: XIAO_ with address: E8:B4:F1:B7:D1:66.
15:39:38 - Connected to device, found notify characteristic: beb5483e-36e1-4688-b7f5-ea07361b26a8.
15:39:38 - Connected connection status: True
15:39:40 - Characteristic found
15:39:41 - Units per second: 31.
15:39:42 - Units per second: 33.
15:39:43 - Units per second: 32.
15:39:44 - Units per second: 31.
15:39:45 - Units per second: 32.
15:39:46 - Units per second: 28.
15:39:47 - Units per second: 33.
15:39:48 - Units per second: 32.
15:39:49 - Units per second: 31.
15:39:50 - Units per second: 27.
15:39:51 - Units per second: 28.
15:39:52 - Units per second: 28.
15:39:53 - BLE disconnect requested
15:39:53 - Units per second: 30.
15:39:53 - Disconnected from: 4fafc201-1fb5-459e-8fcc-c5c9c331914b
15:39:53 - BLE connection task ended, can connect again.
15:49:04 - Started BLE thread
15:49:04 - Attempting to connect to device: XIAO_ with address: E8:B4:F1:B7:D1:66.
15:49:27 - BLE disconnect requested
15:49:30 - Started BLE scan thread
15:49:37 - Error connection lost or failed: 
15:49:37 - BLE connection task ended, can connect again.
15:49:41 - Started BLE scan thread
15:49:50 - Started BLE scan thread
15:50:01 - Started BLE scan thread
15:50:08 - Started BLE thread
15:50:08 - Attempting to connect to device: XIAO_ with address: E8:B4:F1:B7:D1:66.
15:50:20 - Connected to device, found notify characteristic: beb5483e-36e1-4688-b7f5-ea07361b26a8.
15:50:20 - Connected connection status: True
15:50:22 - Characteristic found
15:50:23 - Units per second: 31.
15:50:24 - Units per second: 33.
15:50:25 - Units per second: 32.
15:50:26 - Units per second: 28.
15:50:27 - Units per second: 31.
15:50:28 - Units per second: 31.
15:50:29 - Units per second: 32.
15:50:30 - Units per second: 31.
15:50:31 - Units per second: 29.
15:50:32 - Units per second: 30.
15:50:33 - Units per second: 32.
15:50:34 - Units per second: 31.
15:50:35 - Units per second: 32.
15:50:36 - Units per second: 30.
15:50:37 - Units per second: 32.
15:50:38 - Units per second: 32.
15:50:39 - Units per second: 31.
15:50:40 - Units per second: 32.
15:50:41 - Units per second: 33.
15:50:42 - Units per second: 30.
15:50:43 - Units per second: 31.
15:50:44 - Units per second: 32.
15:50:45 - BLE disconnect requested
15:50:45 - Disconnected from: 4fafc201-1fb5-459e-8fcc-c5c9c331914b
15:50:45 - BLE connection task ended, can connect again.
15:50:45 - Started BLE scan thread
